<?xml version="1.0" encoding="UTF-8"?>
<!-- Generated by org.testng.reporters.JUnitXMLReporter -->
<testsuite hostname="LAPTOP-QMM95P8M" name="Default test" tests="5" failures="0" timestamp="28 Mar 2020 07:31:08 GMT" time="32.563" errors="0">
  <testcase name="tc_01" time="22.305" classname="TestCases.testCaseDemo"/>
  <testcase name="tc_02" time="1.014" classname="TestCases.testCaseDemo"/>
  <testcase name="tc_03" time="0.314" classname="TestCases.testCaseDemo"/>
  <testcase name="tc_04" time="0.088" classname="TestCases.testCaseDemo"/>
  <testcase name="tc_05" time="8.817" classname="TestCases.testCaseDemo"/>
</testsuite> <!-- Default test -->
