<?xml version="1.0" encoding="UTF-8"?>
<testng-results skipped="0" failed="0" total="5" passed="5">
  <reporter-output>
  </reporter-output>
  <suite name="Default suite" duration-ms="32563" started-at="2020-03-28T07:30:35Z" finished-at="2020-03-28T07:31:08Z">
    <groups>
    </groups>
    <test name="Default test" duration-ms="32563" started-at="2020-03-28T07:30:35Z" finished-at="2020-03-28T07:31:08Z">
      <class name="TestCases.testCaseDemo">
        <test-method status="PASS" signature="tc_01()[pri:0, instance:TestCases.testCaseDemo@b39c39]" name="tc_01" duration-ms="22305" started-at="2020-03-28T13:00:35Z" finished-at="2020-03-28T13:00:58Z">
          <reporter-output>
          </reporter-output>
        </test-method> <!-- tc_01 -->
        <test-method status="PASS" signature="tc_02()[pri:0, instance:TestCases.testCaseDemo@b39c39]" name="tc_02" duration-ms="1014" started-at="2020-03-28T13:00:58Z" finished-at="2020-03-28T13:00:59Z">
          <reporter-output>
          </reporter-output>
        </test-method> <!-- tc_02 -->
        <test-method status="PASS" signature="tc_03()[pri:0, instance:TestCases.testCaseDemo@b39c39]" name="tc_03" duration-ms="314" started-at="2020-03-28T13:00:59Z" finished-at="2020-03-28T13:00:59Z">
          <reporter-output>
          </reporter-output>
        </test-method> <!-- tc_03 -->
        <test-method status="PASS" signature="tc_04()[pri:0, instance:TestCases.testCaseDemo@b39c39]" name="tc_04" duration-ms="88" started-at="2020-03-28T13:00:59Z" finished-at="2020-03-28T13:00:59Z">
          <reporter-output>
          </reporter-output>
        </test-method> <!-- tc_04 -->
        <test-method status="PASS" signature="tc_05()[pri:0, instance:TestCases.testCaseDemo@b39c39]" name="tc_05" duration-ms="8817" started-at="2020-03-28T13:00:59Z" finished-at="2020-03-28T13:01:08Z">
          <reporter-output>
          </reporter-output>
        </test-method> <!-- tc_05 -->
      </class> <!-- TestCases.testCaseDemo -->
    </test> <!-- Default test -->
  </suite> <!-- Default suite -->
</testng-results>
